2025-05-10 13:20:55,698 - INFO - Starting NBA data acquisition for 8 players and 3 seasons.
2025-05-10 13:20:55,698 - INFO - Pre-caching player IDs for target list...
2025-05-10 13:20:55,699 - INFO - Fetching list of all NBA players from API...
2025-05-10 13:22:34,094 - WARNING - Could not decode JSON from data/new/player_stats\player_id_cache.json. Starting with an empty cache.
2025-05-10 13:22:34,094 - INFO - Starting NBA data acquisition for 8 players and 3 seasons.
2025-05-10 13:22:34,095 - INFO - Pre-caching player IDs for target list...
2025-05-10 13:22:34,095 - INFO - Fetching list of all NBA players from API...
2025-05-10 13:22:35,114 - INFO - Player ID caching complete.
2025-05-10 13:22:35,114 - INFO - --- Processing Player: LeBron James (ID: 2544) ---
2025-05-10 13:22:35,115 - INFO - --- Season: 2022 (2022-2023) ---
2025-05-10 13:22:35,115 - INFO - Fetching game logs for LeBron James (ID: 2544) for season 2022...
2025-05-10 13:24:15,031 - INFO - Starting NBA data acquisition for 8 players and 3 seasons.
2025-05-10 13:24:15,032 - INFO - Pre-caching player IDs for target list...
2025-05-10 13:24:15,033 - INFO - Player ID caching complete.
2025-05-10 13:24:15,033 - INFO - --- Processing Player: LeBron James (ID: 2544) ---
2025-05-10 13:24:15,033 - INFO - --- Season: 2022 (2022-2023) ---
2025-05-10 13:24:15,033 - INFO - Fetching game logs for LeBron James (ID: 2544) for season 2022...
2025-05-10 13:24:16,141 - INFO - Saved 55 games to data/new/player_stats\season_2022\lebron_james_gamelog.csv
2025-05-10 13:24:17,156 - INFO - --- Season: 2023 (2023-2024) ---
2025-05-10 13:24:17,156 - INFO - Fetching game logs for LeBron James (ID: 2544) for season 2023...
2025-05-10 13:24:18,240 - INFO - Saved 71 games to data/new/player_stats\season_2023\lebron_james_gamelog.csv
2025-05-10 13:24:19,241 - INFO - --- Season: 2024 (2024-2025) ---
2025-05-10 13:24:19,241 - INFO - Fetching game logs for LeBron James (ID: 2544) for season 2024...
2025-05-10 13:24:20,461 - INFO - Saved 70 games to data/new/player_stats\season_2024\lebron_james_gamelog.csv
2025-05-10 13:24:21,470 - INFO - --- Processing Player: Stephen Curry (ID: 201939) ---
2025-05-10 13:24:21,470 - INFO - --- Season: 2022 (2022-2023) ---
2025-05-10 13:24:21,470 - INFO - Fetching game logs for Stephen Curry (ID: 201939) for season 2022...
2025-05-10 13:24:22,664 - INFO - Saved 56 games to data/new/player_stats\season_2022\stephen_curry_gamelog.csv
2025-05-10 13:24:23,675 - INFO - --- Season: 2023 (2023-2024) ---
2025-05-10 13:24:23,675 - INFO - Fetching game logs for Stephen Curry (ID: 201939) for season 2023...
2025-05-10 13:24:24,755 - INFO - Saved 74 games to data/new/player_stats\season_2023\stephen_curry_gamelog.csv
2025-05-10 13:24:25,771 - INFO - --- Season: 2024 (2024-2025) ---
2025-05-10 13:24:25,771 - INFO - Fetching game logs for Stephen Curry (ID: 201939) for season 2024...
2025-05-10 13:24:26,851 - INFO - Saved 70 games to data/new/player_stats\season_2024\stephen_curry_gamelog.csv
2025-05-10 13:24:27,865 - INFO - --- Processing Player: Jalen Brunson (ID: 1628973) ---
2025-05-10 13:24:27,865 - INFO - --- Season: 2022 (2022-2023) ---
2025-05-10 13:24:27,865 - INFO - Fetching game logs for Jalen Brunson (ID: 1628973) for season 2022...
2025-05-10 13:24:28,986 - INFO - Saved 68 games to data/new/player_stats\season_2022\jalen_brunson_gamelog.csv
2025-05-10 13:24:30,000 - INFO - --- Season: 2023 (2023-2024) ---
2025-05-10 13:24:30,000 - INFO - Fetching game logs for Jalen Brunson (ID: 1628973) for season 2023...
2025-05-10 13:24:31,068 - INFO - Saved 77 games to data/new/player_stats\season_2023\jalen_brunson_gamelog.csv
2025-05-10 13:24:32,079 - INFO - --- Season: 2024 (2024-2025) ---
2025-05-10 13:24:32,079 - INFO - Fetching game logs for Jalen Brunson (ID: 1628973) for season 2024...
2025-05-10 13:24:33,214 - INFO - Saved 65 games to data/new/player_stats\season_2024\jalen_brunson_gamelog.csv
2025-05-10 13:24:34,226 - INFO - --- Processing Player: Giannis Antetokounmpo (ID: 203507) ---
2025-05-10 13:24:34,226 - INFO - --- Season: 2022 (2022-2023) ---
2025-05-10 13:24:34,226 - INFO - Fetching game logs for Giannis Antetokounmpo (ID: 203507) for season 2022...
2025-05-10 13:24:35,302 - INFO - Saved 63 games to data/new/player_stats\season_2022\giannis_antetokounmpo_gamelog.csv
2025-05-10 13:24:36,314 - INFO - --- Season: 2023 (2023-2024) ---
2025-05-10 13:24:36,314 - INFO - Fetching game logs for Giannis Antetokounmpo (ID: 203507) for season 2023...
2025-05-10 13:24:37,424 - INFO - Saved 73 games to data/new/player_stats\season_2023\giannis_antetokounmpo_gamelog.csv
2025-05-10 13:24:38,434 - INFO - --- Season: 2024 (2024-2025) ---
2025-05-10 13:24:38,434 - INFO - Fetching game logs for Giannis Antetokounmpo (ID: 203507) for season 2024...
2025-05-10 13:24:39,512 - INFO - Saved 67 games to data/new/player_stats\season_2024\giannis_antetokounmpo_gamelog.csv
2025-05-10 13:24:40,524 - INFO - --- Processing Player: Luka Doncic (ID: 1629029) ---
2025-05-10 13:24:40,524 - INFO - --- Season: 2022 (2022-2023) ---
2025-05-10 13:24:40,524 - INFO - Fetching game logs for Luka Doncic (ID: 1629029) for season 2022...
2025-05-10 13:24:41,625 - INFO - Saved 66 games to data/new/player_stats\season_2022\luka_doncic_gamelog.csv
2025-05-10 13:24:42,628 - INFO - --- Season: 2023 (2023-2024) ---
2025-05-10 13:24:42,628 - INFO - Fetching game logs for Luka Doncic (ID: 1629029) for season 2023...
2025-05-10 13:24:43,687 - INFO - Saved 70 games to data/new/player_stats\season_2023\luka_doncic_gamelog.csv
2025-05-10 13:24:44,688 - INFO - --- Season: 2024 (2024-2025) ---
2025-05-10 13:24:44,688 - INFO - Fetching game logs for Luka Doncic (ID: 1629029) for season 2024...
2025-05-10 13:24:45,810 - INFO - Saved 50 games to data/new/player_stats\season_2024\luka_doncic_gamelog.csv
2025-05-10 13:24:46,821 - INFO - --- Processing Player: Shai Gilgeous-Alexander (ID: 1628983) ---
2025-05-10 13:24:46,821 - INFO - --- Season: 2022 (2022-2023) ---
2025-05-10 13:24:46,821 - INFO - Fetching game logs for Shai Gilgeous-Alexander (ID: 1628983) for season 2022...
2025-05-10 13:24:47,931 - INFO - Saved 68 games to data/new/player_stats\season_2022\shai_gilgeous-alexander_gamelog.csv
2025-05-10 13:24:48,943 - INFO - --- Season: 2023 (2023-2024) ---
2025-05-10 13:24:48,943 - INFO - Fetching game logs for Shai Gilgeous-Alexander (ID: 1628983) for season 2023...
2025-05-10 13:24:50,021 - INFO - Saved 75 games to data/new/player_stats\season_2023\shai_gilgeous-alexander_gamelog.csv
2025-05-10 13:24:51,026 - INFO - --- Season: 2024 (2024-2025) ---
2025-05-10 13:24:51,026 - INFO - Fetching game logs for Shai Gilgeous-Alexander (ID: 1628983) for season 2024...
2025-05-10 13:24:52,212 - INFO - Saved 76 games to data/new/player_stats\season_2024\shai_gilgeous-alexander_gamelog.csv
2025-05-10 13:24:53,226 - INFO - --- Processing Player: Anthony Edwards (ID: 1630162) ---
2025-05-10 13:24:53,226 - INFO - --- Season: 2022 (2022-2023) ---
2025-05-10 13:24:53,226 - INFO - Fetching game logs for Anthony Edwards (ID: 1630162) for season 2022...
2025-05-10 13:24:54,330 - INFO - Saved 79 games to data/new/player_stats\season_2022\anthony_edwards_gamelog.csv
2025-05-10 13:24:55,342 - INFO - --- Season: 2023 (2023-2024) ---
2025-05-10 13:24:55,342 - INFO - Fetching game logs for Anthony Edwards (ID: 1630162) for season 2023...
2025-05-10 13:24:56,422 - INFO - Saved 79 games to data/new/player_stats\season_2023\anthony_edwards_gamelog.csv
2025-05-10 13:24:57,423 - INFO - --- Season: 2024 (2024-2025) ---
2025-05-10 13:24:57,423 - INFO - Fetching game logs for Anthony Edwards (ID: 1630162) for season 2024...
2025-05-10 13:24:58,511 - INFO - Saved 79 games to data/new/player_stats\season_2024\anthony_edwards_gamelog.csv
2025-05-10 13:24:59,525 - INFO - --- Processing Player: Donovan Mitchell (ID: 1628378) ---
2025-05-10 13:24:59,525 - INFO - --- Season: 2022 (2022-2023) ---
2025-05-10 13:24:59,525 - INFO - Fetching game logs for Donovan Mitchell (ID: 1628378) for season 2022...
2025-05-10 13:25:00,741 - INFO - Saved 68 games to data/new/player_stats\season_2022\donovan_mitchell_gamelog.csv
2025-05-10 13:25:01,752 - INFO - --- Season: 2023 (2023-2024) ---
2025-05-10 13:25:01,752 - INFO - Fetching game logs for Donovan Mitchell (ID: 1628378) for season 2023...
2025-05-10 13:25:02,833 - INFO - Saved 55 games to data/new/player_stats\season_2023\donovan_mitchell_gamelog.csv
2025-05-10 13:25:03,848 - INFO - --- Season: 2024 (2024-2025) ---
2025-05-10 13:25:03,848 - INFO - Fetching game logs for Donovan Mitchell (ID: 1628378) for season 2024...
2025-05-10 13:25:04,954 - INFO - Saved 71 games to data/new/player_stats\season_2024\donovan_mitchell_gamelog.csv
2025-05-10 13:25:05,967 - INFO - NBA data acquisition process finished.
