2025-05-10 17:49:52,997 - INFO - process_sentiment_data.py - process_player_data - --- Processing player: anthony_edwards for season 2023 ---
2025-05-10 17:49:53,008 - INFO - process_sentiment_data.py - process_player_data - Loaded 45 Reddit mentions for anthony_edwards.
2025-05-10 17:49:54,233 - INFO - process_sentiment_data.py - process_player_data - Calculated compound sentiment for anthony_edwards.
2025-05-10 17:49:54,252 - INFO - process_sentiment_data.py - process_player_data - Aggregated daily sentiment for anthony_edwards.
2025-05-10 17:49:54,254 - INFO - process_sentiment_data.py - process_player_data - Loaded 79 game log entries for anthony_edwards, season 2023.
2025-05-10 17:49:54,265 - INFO - process_sentiment_data.py - process_player_data - Merged stats and sentiment for anthony_edwards. Resulting shape: (79, 32)
2025-05-10 17:49:54,271 - INFO - process_sentiment_data.py - <module> - Finished processing for anthony_edwards.
2025-05-10 17:49:54,271 - INFO - process_sentiment_data.py - process_player_data - --- Processing player: donovan_mitchell for season 2023 ---
2025-05-10 17:49:54,281 - INFO - process_sentiment_data.py - process_player_data - Loaded 35 Reddit mentions for donovan_mitchell.
2025-05-10 17:49:55,310 - INFO - process_sentiment_data.py - process_player_data - Calculated compound sentiment for donovan_mitchell.
2025-05-10 17:49:55,319 - INFO - process_sentiment_data.py - process_player_data - Aggregated daily sentiment for donovan_mitchell.
2025-05-10 17:49:55,321 - INFO - process_sentiment_data.py - process_player_data - Loaded 55 game log entries for donovan_mitchell, season 2023.
2025-05-10 17:49:55,325 - INFO - process_sentiment_data.py - process_player_data - Merged stats and sentiment for donovan_mitchell. Resulting shape: (55, 32)
2025-05-10 17:49:55,329 - INFO - process_sentiment_data.py - <module> - Finished processing for donovan_mitchell.
2025-05-10 17:49:55,330 - INFO - process_sentiment_data.py - process_player_data - --- Processing player: giannis_antetokounmpo for season 2023 ---
2025-05-10 17:49:55,339 - INFO - process_sentiment_data.py - process_player_data - Loaded 32 Reddit mentions for giannis_antetokounmpo.
2025-05-10 17:49:56,462 - INFO - process_sentiment_data.py - process_player_data - Calculated compound sentiment for giannis_antetokounmpo.
2025-05-10 17:49:56,473 - INFO - process_sentiment_data.py - process_player_data - Aggregated daily sentiment for giannis_antetokounmpo.
2025-05-10 17:49:56,475 - INFO - process_sentiment_data.py - process_player_data - Loaded 73 game log entries for giannis_antetokounmpo, season 2023.
2025-05-10 17:49:56,479 - INFO - process_sentiment_data.py - process_player_data - Merged stats and sentiment for giannis_antetokounmpo. Resulting shape: (73, 32)
2025-05-10 17:49:56,483 - INFO - process_sentiment_data.py - <module> - Finished processing for giannis_antetokounmpo.
2025-05-10 17:49:56,483 - INFO - process_sentiment_data.py - process_player_data - --- Processing player: jalen_brunson for season 2023 ---
2025-05-10 17:49:56,493 - INFO - process_sentiment_data.py - process_player_data - Loaded 37 Reddit mentions for jalen_brunson.
2025-05-10 17:49:57,766 - INFO - process_sentiment_data.py - process_player_data - Calculated compound sentiment for jalen_brunson.
2025-05-10 17:49:57,776 - INFO - process_sentiment_data.py - process_player_data - Aggregated daily sentiment for jalen_brunson.
2025-05-10 17:49:57,779 - INFO - process_sentiment_data.py - process_player_data - Loaded 77 game log entries for jalen_brunson, season 2023.
2025-05-10 17:49:57,783 - INFO - process_sentiment_data.py - process_player_data - Merged stats and sentiment for jalen_brunson. Resulting shape: (77, 32)
2025-05-10 17:49:57,787 - INFO - process_sentiment_data.py - <module> - Finished processing for jalen_brunson.
2025-05-10 17:49:57,788 - INFO - process_sentiment_data.py - process_player_data - --- Processing player: lebron_james for season 2023 ---
2025-05-10 17:49:57,798 - INFO - process_sentiment_data.py - process_player_data - Loaded 46 Reddit mentions for lebron_james.
2025-05-10 17:49:58,971 - INFO - process_sentiment_data.py - process_player_data - Calculated compound sentiment for lebron_james.
2025-05-10 17:49:58,981 - INFO - process_sentiment_data.py - process_player_data - Aggregated daily sentiment for lebron_james.
2025-05-10 17:49:58,983 - INFO - process_sentiment_data.py - process_player_data - Loaded 71 game log entries for lebron_james, season 2023.
2025-05-10 17:49:58,987 - INFO - process_sentiment_data.py - process_player_data - Merged stats and sentiment for lebron_james. Resulting shape: (71, 32)
2025-05-10 17:49:58,992 - INFO - process_sentiment_data.py - <module> - Finished processing for lebron_james.
2025-05-10 17:49:58,992 - INFO - process_sentiment_data.py - process_player_data - --- Processing player: luka_doncic for season 2023 ---
2025-05-10 17:49:59,000 - INFO - process_sentiment_data.py - process_player_data - Loaded 25 Reddit mentions for luka_doncic.
2025-05-10 17:49:59,623 - INFO - process_sentiment_data.py - process_player_data - Calculated compound sentiment for luka_doncic.
2025-05-10 17:49:59,631 - INFO - process_sentiment_data.py - process_player_data - Aggregated daily sentiment for luka_doncic.
2025-05-10 17:49:59,633 - INFO - process_sentiment_data.py - process_player_data - Loaded 70 game log entries for luka_doncic, season 2023.
2025-05-10 17:49:59,637 - INFO - process_sentiment_data.py - process_player_data - Merged stats and sentiment for luka_doncic. Resulting shape: (70, 32)
2025-05-10 17:49:59,642 - INFO - process_sentiment_data.py - <module> - Finished processing for luka_doncic.
2025-05-10 17:49:59,642 - INFO - process_sentiment_data.py - process_player_data - --- Processing player: shai_gilgeous_alexander for season 2023 ---
2025-05-10 17:49:59,642 - ERROR - process_sentiment_data.py - process_player_data - Reddit mentions file not found for shai_gilgeous_alexander: data/new/reddit_data\shai_gilgeous_alexander_reddit_mentions.csv
2025-05-10 17:49:59,642 - WARNING - process_sentiment_data.py - <module> - Processing failed or resulted in no data for shai_gilgeous_alexander.
2025-05-10 17:49:59,643 - INFO - process_sentiment_data.py - process_player_data - --- Processing player: stephen_curry for season 2023 ---
2025-05-10 17:49:59,654 - INFO - process_sentiment_data.py - process_player_data - Loaded 47 Reddit mentions for stephen_curry.
2025-05-10 17:50:01,224 - INFO - process_sentiment_data.py - process_player_data - Calculated compound sentiment for stephen_curry.
2025-05-10 17:50:01,235 - INFO - process_sentiment_data.py - process_player_data - Aggregated daily sentiment for stephen_curry.
2025-05-10 17:50:01,237 - INFO - process_sentiment_data.py - process_player_data - Loaded 74 game log entries for stephen_curry, season 2023.
2025-05-10 17:50:01,241 - INFO - process_sentiment_data.py - process_player_data - Merged stats and sentiment for stephen_curry. Resulting shape: (74, 32)
2025-05-10 17:50:01,246 - INFO - process_sentiment_data.py - <module> - Finished processing for stephen_curry.
2025-05-10 17:50:01,246 - INFO - process_sentiment_data.py - <module> - --- All players processed. ---
